2019-02-11T00:13:00.829Z [info] [addon/-private/utils/ember.js]: BEGIN
2019-02-11T00:13:00.854Z [info] [addon/-private/meta-cache.js]: BEGIN
2019-02-11T00:13:00.896Z [info] [addon/components/-private/simple-checkbox.js]: BEGIN
2019-02-11T00:13:00.903Z [info] [addon/components/ember-tbody/template.hbs]: BEGIN
2019-02-11T00:13:00.947Z [info] [addon/-private/sticky/legacy-sticky-polyfill.js]: BEGIN
2019-02-11T00:13:01.035Z [info] [addon/components/ember-thead/component.js]: BEGIN
2019-02-11T00:13:00.984Z [info] [addon/styles/addon.scss]: BEGIN
2019-02-11T00:13:01.079Z [info] [addon/-private/default-to.js]: BEGIN
2019-02-11T00:13:01.032Z [info] [addon/components/ember-tfoot/component.js]: BEGIN
2019-02-11T00:13:01.096Z [info] [addon/components/ember-tfoot/template.hbs]: BEGIN
2019-02-11T00:13:01.267Z [info] [addon/components/ember-th/component.js]: BEGIN
2019-02-11T00:13:01.038Z [info] [addon/components/ember-table/component.js]: BEGIN
2019-02-11T00:13:01.125Z [info] [addon/components/ember-table/template.hbs]: BEGIN
2019-02-11T00:13:01.223Z [info] [addon/components/ember-td/component.js]: BEGIN
2019-02-11T00:13:01.306Z [info] [addon/components/ember-td/template.hbs]: BEGIN
2019-02-11T00:13:01.251Z [info] [addon/components/ember-th/template.hbs]: BEGIN
2019-02-11T00:13:01.294Z [info] [addon/components/ember-thead/template.hbs]: BEGIN
2019-02-11T00:13:01.332Z [info] [addon/components/ember-tr/template.hbs]: BEGIN
2019-02-11T00:13:01.403Z [info] [addon/components/ember-tr/component.js]: BEGIN
2019-02-11T00:13:01.422Z [info] [addon/components/ember-tbody/component.js]: BEGIN
2019-02-11T00:13:00.989Z [info] [addon/-private/utils/reorder-indicators.js]: BEGIN
2019-02-11T00:13:01.150Z [info] [addon/-private/utils/sort.js]: BEGIN
2019-02-11T00:13:01.268Z [info] [addon/components/-private/base-table-cell.js]: BEGIN
2019-02-11T00:13:01.325Z [info] [addon/components/-private/base-table-cell.js]: SUCCESS
2019-02-11T00:13:01.445Z [info] [addon/components/-private/row-wrapper.js]: BEGIN
2019-02-11T00:13:01.501Z [info] [addon/-private/collapse-tree.js]: BEGIN
2019-02-11T00:13:01.151Z [info] [addon/-private/sticky/table-sticky-polyfill.js]: BEGIN
2019-02-11T00:13:01.318Z [info] [addon/-private/utils/computed.js]: BEGIN
2019-02-11T00:13:01.430Z [info] [addon/-private/utils/computed.js]: SUCCESS
2019-02-11T00:13:01.514Z [info] [addon/-private/utils/array.js]: BEGIN
2019-02-11T00:13:01.554Z [info] [addon/-private/utils/element.js]: BEGIN
2019-02-11T00:13:01.803Z [info] [addon/-private/column-tree.js]: BEGIN
